<?xml version="1.0" encoding="UTF-8"?>
<testsuite name="xyz.korayucar.algorithmstudy.floodingcity.InefficientFloodingCityTest" tests="6" skipped="0" failures="0" errors="0" timestamp="2017-03-23T17:05:46" hostname="Korays-MacBook-Pro.local" time="0.077">
  <properties/>
  <testcase name="testVeryBigData" classname="xyz.korayucar.algorithmstudy.floodingcity.InefficientFloodingCityTest" time="0.074"/>
  <testcase name="testAlternatingInput" classname="xyz.korayucar.algorithmstudy.floodingcity.InefficientFloodingCityTest" time="0.0"/>
  <testcase name="testNullCheckMade" classname="xyz.korayucar.algorithmstudy.floodingcity.InefficientFloodingCityTest" time="0.001"/>
  <testcase name="testBigCity" classname="xyz.korayucar.algorithmstudy.floodingcity.InefficientFloodingCityTest" time="0.0"/>
  <testcase name="testVeryLongBuildings" classname="xyz.korayucar.algorithmstudy.floodingcity.InefficientFloodingCityTest" time="0.001"/>
  <testcase name="testTrivialCase" classname="xyz.korayucar.algorithmstudy.floodingcity.InefficientFloodingCityTest" time="0.001"/>
  <system-out><![CDATA[]]></system-out>
  <system-err><![CDATA[]]></system-err>
</testsuite>
